# JRE version: Java(TM) SE Runtime Environment (7.0_55-b13) (build 1.7.0_55-b13)
# Java VM: Java HotSpot(TM) 64-Bit Server VM (24.55-b03 mixed mode windows-amd64 compressed oops)
Heap
 PSYoungGen      total 57344K, used 35554K [0x00000007d5c00000, 0x00000007d9c00000, 0x0000000800000000)
  eden space 55296K, 60% used [0x00000007d5c00000,0x00000007d7cbbf90,0x00000007d9200000)
  from space 2048K, 99% used [0x00000007d9380000,0x00000007d957ca18,0x00000007d9580000)
  to   space 5120K, 0% used [0x00000007d9700000,0x00000007d9700000,0x00000007d9c00000)
 ParOldGen       total 67072K, used 18016K [0x0000000781400000, 0x0000000785580000, 0x00000007d5c00000)
  object space 67072K, 26% used [0x0000000781400000,0x0000000782598038,0x0000000785580000)
 PSPermGen       total 38400K, used 19904K [0x000000077c200000, 0x000000077e780000, 0x0000000781400000)
  object space 38400K, 51% used [0x000000077c200000,0x000000077d5701e8,0x000000077e780000)
GC Heap History (10 events):
Event: 751.009 GC heap before
{Heap before GC invocations=46 (full 1):
 PSYoungGen      total 67072K, used 64666K [0x00000007d5c00000, 0x00000007da600000, 0x0000000800000000)
  eden space 63488K, 100% used [0x00000007d5c00000,0x00000007d9a00000,0x00000007d9a00000)
  from space 3584K, 32% used [0x00000007da280000,0x00000007da3a69d8,0x00000007da600000)
  to   space 6144K, 0% used [0x00000007d9a00000,0x00000007d9a00000,0x00000007da000000)
 ParOldGen       total 67072K, used 17781K [0x0000000781400000, 0x0000000785580000, 0x00000007d5c00000)
  object space 67072K, 26% used [0x0000000781400000,0x000000078255d778,0x0000000785580000)
 PSPermGen       total 38400K, used 19653K [0x000000077c200000, 0x000000077e780000, 0x0000000781400000)
  object space 38400K, 51% used [0x000000077c200000,0x000000077d531510,0x000000077e780000)
Event: 751.011 GC heap after
Heap after GC invocations=46 (full 1):
 PSYoungGen      total 63488K, used 1934K [0x00000007d5c00000, 0x00000007da300000, 0x0000000800000000)
  eden space 61440K, 0% used [0x00000007d5c00000,0x00000007d5c00000,0x00000007d9800000)
  from space 2048K, 94% used [0x00000007d9a00000,0x00000007d9be3ab0,0x00000007d9c00000)
  to   space 5632K, 0% used [0x00000007d9d80000,0x00000007d9d80000,0x00000007da300000)
 ParOldGen       total 67072K, used 17797K [0x0000000781400000, 0x0000000785580000, 0x00000007d5c00000)
  object space 67072K, 26% used [0x0000000781400000,0x0000000782561778,0x0000000785580000)
 PSPermGen       total 38400K, used 19653K [0x000000077c200000, 0x000000077e780000, 0x0000000781400000)
  object space 38400K, 51% used [0x000000077c200000,0x000000077d531510,0x000000077e780000)
}
Event: 752.142 GC heap before
{Heap before GC invocations=47 (full 1):
 PSYoungGen      total 63488K, used 63374K [0x00000007d5c00000, 0x00000007da300000, 0x0000000800000000)
  eden space 61440K, 100% used [0x00000007d5c00000,0x00000007d9800000,0x00000007d9800000)
  from space 2048K, 94% used [0x00000007d9a00000,0x00000007d9be3ab0,0x00000007d9c00000)
  to   space 5632K, 0% used [0x00000007d9d80000,0x00000007d9d80000,0x00000007da300000)
 ParOldGen       total 67072K, used 17797K [0x0000000781400000, 0x0000000785580000, 0x00000007d5c00000)
  object space 67072K, 26% used [0x0000000781400000,0x0000000782561778,0x0000000785580000)
 PSPermGen       total 38400K, used 19663K [0x000000077c200000, 0x000000077e780000, 0x0000000781400000)
  object space 38400K, 51% used [0x000000077c200000,0x000000077d533ca0,0x000000077e780000)
Event: 752.144 GC heap after
Heap after GC invocations=47 (full 1):
 PSYoungGen      total 64000K, used 1980K [0x00000007d5c00000, 0x00000007da180000, 0x0000000800000000)
  eden space 59904K, 0% used [0x00000007d5c00000,0x00000007d5c00000,0x00000007d9680000)
  from space 4096K, 48% used [0x00000007d9d80000,0x00000007d9f6f290,0x00000007da180000)
  to   space 5632K, 0% used [0x00000007d9680000,0x00000007d9680000,0x00000007d9c00000)
 ParOldGen       total 67072K, used 17821K [0x0000000781400000, 0x0000000785580000, 0x00000007d5c00000)
  object space 67072K, 26% used [0x0000000781400000,0x0000000782567778,0x0000000785580000)
 PSPermGen       total 38400K, used 19663K [0x000000077c200000, 0x000000077e780000, 0x0000000781400000)
  object space 38400K, 51% used [0x000000077c200000,0x000000077d533ca0,0x000000077e780000)
}
Event: 833.563 GC heap before
{Heap before GC invocations=48 (full 1):
 PSYoungGen      total 64000K, used 61884K [0x00000007d5c00000, 0x00000007da180000, 0x0000000800000000)
  eden space 59904K, 100% used [0x00000007d5c00000,0x00000007d9680000,0x00000007d9680000)
  from space 4096K, 48% used [0x00000007d9d80000,0x00000007d9f6f290,0x00000007da180000)
  to   space 5632K, 0% used [0x00000007d9680000,0x00000007d9680000,0x00000007d9c00000)
 ParOldGen       total 67072K, used 17821K [0x0000000781400000, 0x0000000785580000, 0x00000007d5c00000)
  object space 67072K, 26% used [0x0000000781400000,0x0000000782567798,0x0000000785580000)
 PSPermGen       total 38400K, used 19877K [0x000000077c200000, 0x000000077e780000, 0x0000000781400000)
  object space 38400K, 51% used [0x000000077c200000,0x000000077d569680,0x000000077e780000)
Event: 833.565 GC heap after
Heap after GC invocations=48 (full 1):
 PSYoungGen      total 61440K, used 2678K [0x00000007d5c00000, 0x00000007da000000, 0x0000000800000000)
  eden space 58368K, 0% used [0x00000007d5c00000,0x00000007d5c00000,0x00000007d9500000)
  from space 3072K, 87% used [0x00000007d9680000,0x00000007d991da88,0x00000007d9980000)
  to   space 5632K, 0% used [0x00000007d9a80000,0x00000007d9a80000,0x00000007da000000)
 ParOldGen       total 67072K, used 17853K [0x0000000781400000, 0x0000000785580000, 0x00000007d5c00000)
  object space 67072K, 26% used [0x0000000781400000,0x000000078256f798,0x0000000785580000)
 PSPermGen       total 38400K, used 19877K [0x000000077c200000, 0x000000077e780000, 0x0000000781400000)
  object space 38400K, 51% used [0x000000077c200000,0x000000077d569680,0x000000077e780000)
}
Event: 835.029 GC heap before
{Heap before GC invocations=49 (full 1):
 PSYoungGen      total 61440K, used 61046K [0x00000007d5c00000, 0x00000007da000000, 0x0000000800000000)
  eden space 58368K, 100% used [0x00000007d5c00000,0x00000007d9500000,0x00000007d9500000)
  from space 3072K, 87% used [0x00000007d9680000,0x00000007d991da88,0x00000007d9980000)
  to   space 5632K, 0% used [0x00000007d9a80000,0x00000007d9a80000,0x00000007da000000)
 ParOldGen       total 67072K, used 17856K [0x0000000781400000, 0x0000000785580000, 0x00000007d5c00000)
  object space 67072K, 26% used [0x0000000781400000,0x0000000782570038,0x0000000785580000)
 PSPermGen       total 38400K, used 19891K [0x000000077c200000, 0x000000077e780000, 0x0000000781400000)
  object space 38400K, 51% used [0x000000077c200000,0x000000077d56cd00,0x000000077e780000)
Event: 835.034 GC heap after
Heap after GC invocations=49 (full 1):
 PSYoungGen      total 59904K, used 1329K [0x00000007d5c00000, 0x00000007d9d80000, 0x0000000800000000)
  eden space 56832K, 0% used [0x00000007d5c00000,0x00000007d5c00000,0x00000007d9380000)
  from space 3072K, 43% used [0x00000007d9a80000,0x00000007d9bcc750,0x00000007d9d80000)
  to   space 5120K, 0% used [0x00000007d9380000,0x00000007d9380000,0x00000007d9880000)
 ParOldGen       total 67072K, used 18008K [0x0000000781400000, 0x0000000785580000, 0x00000007d5c00000)
  object space 67072K, 26% used [0x0000000781400000,0x0000000782596038,0x0000000785580000)
 PSPermGen       total 38400K, used 19891K [0x000000077c200000, 0x000000077e780000, 0x0000000781400000)
  object space 38400K, 51% used [0x000000077c200000,0x000000077d56cd00,0x000000077e780000)
}
Event: 836.169 GC heap before
{Heap before GC invocations=50 (full 1):
 PSYoungGen      total 59904K, used 58161K [0x00000007d5c00000, 0x00000007d9d80000, 0x0000000800000000)
  eden space 56832K, 100% used [0x00000007d5c00000,0x00000007d9380000,0x00000007d9380000)
  from space 3072K, 43% used [0x00000007d9a80000,0x00000007d9bcc750,0x00000007d9d80000)
  to   space 5120K, 0% used [0x00000007d9380000,0x00000007d9380000,0x00000007d9880000)
 ParOldGen       total 67072K, used 18008K [0x0000000781400000, 0x0000000785580000, 0x00000007d5c00000)
  object space 67072K, 26% used [0x0000000781400000,0x0000000782596038,0x0000000785580000)
 PSPermGen       total 38400K, used 19895K [0x000000077c200000, 0x000000077e780000, 0x0000000781400000)
  object space 38400K, 51% used [0x000000077c200000,0x000000077d56dc58,0x000000077e780000)
Event: 836.171 GC heap after
Heap after GC invocations=50 (full 1):
 PSYoungGen      total 57344K, used 2034K [0x00000007d5c00000, 0x00000007d9c00000, 0x0000000800000000)
  eden space 55296K, 0% used [0x00000007d5c00000,0x00000007d5c00000,0x00000007d9200000)
  from space 2048K, 99% used [0x00000007d9380000,0x00000007d957ca18,0x00000007d9580000)
  to   space 5120K, 0% used [0x00000007d9700000,0x00000007d9700000,0x00000007d9c00000)
 ParOldGen       total 67072K, used 18016K [0x0000000781400000, 0x0000000785580000, 0x00000007d5c00000)
  object space 67072K, 26% used [0x0000000781400000,0x0000000782598038,0x0000000785580000)
 PSPermGen       total 38400K, used 19895K [0x000000077c200000, 0x000000077e780000, 0x0000000781400000)
  object space 38400K, 51% used [0x000000077c200000,0x000000077d56dc58,0x000000077e780000)
}

