# JRE version: Java(TM) SE Runtime Environment (7.0_55-b13) (build 1.7.0_55-b13)
# Java VM: Java HotSpot(TM) 64-Bit Server VM (24.55-b03 mixed mode windows-amd64 compressed oops)
Heap
 PSYoungGen      total 129024K, used 75368K [0x00000007d5c00000, 0x00000007de800000, 0x0000000800000000)
  eden space 123904K, 56% used [0x00000007d5c00000,0x00000007da0bcb70,0x00000007dd500000)
  from space 5120K, 97% used [0x00000007de300000,0x00000007de7dd790,0x00000007de800000)
  to   space 5120K, 0% used [0x00000007dde00000,0x00000007dde00000,0x00000007de300000)
 ParOldGen       total 124928K, used 23337K [0x0000000781400000, 0x0000000788e00000, 0x00000007d5c00000)
  object space 124928K, 18% used [0x0000000781400000,0x0000000782aca5a0,0x0000000788e00000)
 PSPermGen       total 36352K, used 18323K [0x000000077c200000, 0x000000077e580000, 0x0000000781400000)
  object space 36352K, 50% used [0x000000077c200000,0x000000077d3e4f50,0x000000077e580000)
GC Heap History (10 events):
Event: 1.085 GC heap before
{Heap before GC invocations=1 (full 0):
 PSYoungGen      total 38400K, used 33280K [0x00000007d5c00000, 0x00000007d8680000, 0x0000000800000000)
  eden space 33280K, 100% used [0x00000007d5c00000,0x00000007d7c80000,0x00000007d7c80000)
  from space 5120K, 0% used [0x00000007d8180000,0x00000007d8180000,0x00000007d8680000)
  to   space 5120K, 0% used [0x00000007d7c80000,0x00000007d7c80000,0x00000007d8180000)
 ParOldGen       total 86528K, used 0K [0x0000000781400000, 0x0000000786880000, 0x00000007d5c00000)
  object space 86528K, 0% used [0x0000000781400000,0x0000000781400000,0x0000000786880000)
 PSPermGen       total 21504K, used 15612K [0x000000077c200000, 0x000000077d700000, 0x0000000781400000)
  object space 21504K, 72% used [0x000000077c200000,0x000000077d13f070,0x000000077d700000)
Event: 1.148 GC heap after
Heap after GC invocations=1 (full 0):
 PSYoungGen      total 38400K, used 5113K [0x00000007d5c00000, 0x00000007da700000, 0x0000000800000000)
  eden space 33280K, 0% used [0x00000007d5c00000,0x00000007d5c00000,0x00000007d7c80000)
  from space 5120K, 99% used [0x00000007d7c80000,0x00000007d817e778,0x00000007d8180000)
  to   space 5120K, 0% used [0x00000007da200000,0x00000007da200000,0x00000007da700000)
 ParOldGen       total 86528K, used 1293K [0x0000000781400000, 0x0000000786880000, 0x00000007d5c00000)
  object space 86528K, 1% used [0x0000000781400000,0x0000000781543630,0x0000000786880000)
 PSPermGen       total 21504K, used 15612K [0x000000077c200000, 0x000000077d700000, 0x0000000781400000)
  object space 21504K, 72% used [0x000000077c200000,0x000000077d13f070,0x000000077d700000)
}
Event: 10.543 GC heap before
{Heap before GC invocations=2 (full 0):
 PSYoungGen      total 38400K, used 38393K [0x00000007d5c00000, 0x00000007da700000, 0x0000000800000000)
  eden space 33280K, 100% used [0x00000007d5c00000,0x00000007d7c80000,0x00000007d7c80000)
  from space 5120K, 99% used [0x00000007d7c80000,0x00000007d817e778,0x00000007d8180000)
  to   space 5120K, 0% used [0x00000007da200000,0x00000007da200000,0x00000007da700000)
 ParOldGen       total 86528K, used 1293K [0x0000000781400000, 0x0000000786880000, 0x00000007d5c00000)
  object space 86528K, 1% used [0x0000000781400000,0x0000000781543630,0x0000000786880000)
 PSPermGen       total 21504K, used 17749K [0x000000077c200000, 0x000000077d700000, 0x0000000781400000)
  object space 21504K, 82% used [0x000000077c200000,0x000000077d355708,0x000000077d700000)
Event: 10.553 GC heap after
Heap after GC invocations=2 (full 0):
 PSYoungGen      total 71680K, used 5109K [0x00000007d5c00000, 0x00000007da700000, 0x0000000800000000)
  eden space 66560K, 0% used [0x00000007d5c00000,0x00000007d5c00000,0x00000007d9d00000)
  from space 5120K, 99% used [0x00000007da200000,0x00000007da6fd7c0,0x00000007da700000)
  to   space 5120K, 0% used [0x00000007d9d00000,0x00000007d9d00000,0x00000007da200000)
 ParOldGen       total 86528K, used 26228K [0x0000000781400000, 0x0000000786880000, 0x00000007d5c00000)
  object space 86528K, 30% used [0x0000000781400000,0x0000000782d9d110,0x0000000786880000)
 PSPermGen       total 21504K, used 17749K [0x000000077c200000, 0x000000077d700000, 0x0000000781400000)
  object space 21504K, 82% used [0x000000077c200000,0x000000077d355708,0x000000077d700000)
}
Event: 16.931 GC heap before
{Heap before GC invocations=3 (full 0):
 PSYoungGen      total 71680K, used 71669K [0x00000007d5c00000, 0x00000007da700000, 0x0000000800000000)
  eden space 66560K, 100% used [0x00000007d5c00000,0x00000007d9d00000,0x00000007d9d00000)
  from space 5120K, 99% used [0x00000007da200000,0x00000007da6fd7c0,0x00000007da700000)
  to   space 5120K, 0% used [0x00000007d9d00000,0x00000007d9d00000,0x00000007da200000)
 ParOldGen       total 86528K, used 26228K [0x0000000781400000, 0x0000000786880000, 0x00000007d5c00000)
  object space 86528K, 30% used [0x0000000781400000,0x0000000782d9d110,0x0000000786880000)
 PSPermGen       total 21504K, used 18013K [0x000000077c200000, 0x000000077d700000, 0x0000000781400000)
  object space 21504K, 83% used [0x000000077c200000,0x000000077d3976a0,0x000000077d700000)
Event: 17.001 GC heap after
Heap after GC invocations=3 (full 0):
 PSYoungGen      total 71680K, used 5109K [0x00000007d5c00000, 0x00000007de800000, 0x0000000800000000)
  eden space 66560K, 0% used [0x00000007d5c00000,0x00000007d5c00000,0x00000007d9d00000)
  from space 5120K, 99% used [0x00000007d9d00000,0x00000007da1fd6e0,0x00000007da200000)
  to   space 5120K, 0% used [0x00000007de300000,0x00000007de300000,0x00000007de800000)
 ParOldGen       total 86528K, used 85436K [0x0000000781400000, 0x0000000786880000, 0x00000007d5c00000)
  object space 86528K, 98% used [0x0000000781400000,0x000000078676f388,0x0000000786880000)
 PSPermGen       total 21504K, used 18013K [0x000000077c200000, 0x000000077d700000, 0x0000000781400000)
  object space 21504K, 83% used [0x000000077c200000,0x000000077d3976a0,0x000000077d700000)
}
Event: 17.001 GC heap before
{Heap before GC invocations=4 (full 1):
 PSYoungGen      total 71680K, used 5109K [0x00000007d5c00000, 0x00000007de800000, 0x0000000800000000)
  eden space 66560K, 0% used [0x00000007d5c00000,0x00000007d5c00000,0x00000007d9d00000)
  from space 5120K, 99% used [0x00000007d9d00000,0x00000007da1fd6e0,0x00000007da200000)
  to   space 5120K, 0% used [0x00000007de300000,0x00000007de300000,0x00000007de800000)
 ParOldGen       total 86528K, used 85436K [0x0000000781400000, 0x0000000786880000, 0x00000007d5c00000)
  object space 86528K, 98% used [0x0000000781400000,0x000000078676f388,0x0000000786880000)
 PSPermGen       total 21504K, used 18013K [0x000000077c200000, 0x000000077d700000, 0x0000000781400000)
  object space 21504K, 83% used [0x000000077c200000,0x000000077d3976a0,0x000000077d700000)
Event: 17.051 GC heap after
Heap after GC invocations=4 (full 1):
 PSYoungGen      total 71680K, used 0K [0x00000007d5c00000, 0x00000007de800000, 0x0000000800000000)
  eden space 66560K, 0% used [0x00000007d5c00000,0x00000007d5c00000,0x00000007d9d00000)
  from space 5120K, 0% used [0x00000007d9d00000,0x00000007d9d00000,0x00000007da200000)
  to   space 5120K, 0% used [0x00000007de300000,0x00000007de300000,0x00000007de800000)
 ParOldGen       total 124928K, used 16398K [0x0000000781400000, 0x0000000788e00000, 0x00000007d5c00000)
  object space 124928K, 13% used [0x0000000781400000,0x0000000782403960,0x0000000788e00000)
 PSPermGen       total 36352K, used 18008K [0x000000077c200000, 0x000000077e580000, 0x0000000781400000)
  object space 36352K, 49% used [0x000000077c200000,0x000000077d396170,0x000000077e580000)
}
Event: 18.659 GC heap before
{Heap before GC invocations=5 (full 1):
 PSYoungGen      total 71680K, used 66560K [0x00000007d5c00000, 0x00000007de800000, 0x0000000800000000)
  eden space 66560K, 100% used [0x00000007d5c00000,0x00000007d9d00000,0x00000007d9d00000)
  from space 5120K, 0% used [0x00000007d9d00000,0x00000007d9d00000,0x00000007da200000)
  to   space 5120K, 0% used [0x00000007de300000,0x00000007de300000,0x00000007de800000)
 ParOldGen       total 124928K, used 16398K [0x0000000781400000, 0x0000000788e00000, 0x00000007d5c00000)
  object space 124928K, 13% used [0x0000000781400000,0x0000000782403960,0x0000000788e00000)
 PSPermGen       total 36352K, used 18278K [0x000000077c200000, 0x000000077e580000, 0x0000000781400000)
  object space 36352K, 50% used [0x000000077c200000,0x000000077d3d9890,0x000000077e580000)
Event: 18.664 GC heap after
Heap after GC invocations=5 (full 1):
 PSYoungGen      total 129024K, used 4981K [0x00000007d5c00000, 0x00000007de800000, 0x0000000800000000)
  eden space 123904K, 0% used [0x00000007d5c00000,0x00000007d5c00000,0x00000007dd500000)
  from space 5120K, 97% used [0x00000007de300000,0x00000007de7dd790,0x00000007de800000)
  to   space 5120K, 0% used [0x00000007dde00000,0x00000007dde00000,0x00000007de300000)
 ParOldGen       total 124928K, used 23337K [0x0000000781400000, 0x0000000788e00000, 0x00000007d5c00000)
  object space 124928K, 18% used [0x0000000781400000,0x0000000782aca5a0,0x0000000788e00000)
 PSPermGen       total 36352K, used 18278K [0x000000077c200000, 0x000000077e580000, 0x0000000781400000)
  object space 36352K, 50% used [0x000000077c200000,0x000000077d3d9890,0x000000077e580000)
}

